2021-04-20 17:24:31,205 INFO org.springframework.boot.StartupInfoLogger [restartedMain] Starting CuuTroApplication using Java 11.0.10 on allinone with PID 54516 (/home/allinone/Desktop/ung dung cuu tro/cuu_tro/target/classes started by allinone in /home/allinone/Desktop/ung dung cuu tro/cuu_tro)
2021-04-20 17:24:31,217 INFO org.springframework.boot.SpringApplication [restartedMain] No active profile set, falling back to default profiles: default
2021-04-20 17:24:31,500 INFO org.springframework.boot.logging.DeferredLog [restartedMain] The Class-Path manifest attribute in /home/allinone/.m2/repository/io/grpc/grpc-netty-shaded/1.35.0/grpc-netty-shaded-1.35.0.jar referenced one or more files that do not exist: file:/home/allinone/.m2/repository/io/grpc/grpc-netty-shaded/1.35.0/grpc-core-1.35.0.jar,file:/home/allinone/.m2/repository/io/grpc/grpc-netty-shaded/1.35.0/grpc-api-1.35.0.jar,file:/home/allinone/.m2/repository/io/grpc/grpc-netty-shaded/1.35.0/gson-2.8.6.jar,file:/home/allinone/.m2/repository/io/grpc/grpc-netty-shaded/1.35.0/annotations-4.1.1.4.jar,file:/home/allinone/.m2/repository/io/grpc/grpc-netty-shaded/1.35.0/animal-sniffer-annotations-1.19.jar,file:/home/allinone/.m2/repository/io/grpc/grpc-netty-shaded/1.35.0/error_prone_annotations-2.4.0.jar,file:/home/allinone/.m2/repository/io/grpc/grpc-netty-shaded/1.35.0/guava-30.0-android.jar,file:/home/allinone/.m2/repository/io/grpc/grpc-netty-shaded/1.35.0/perfmark-api-0.23.0.jar,file:/home/allinone/.m2/repository/io/grpc/grpc-netty-shaded/1.35.0/jsr305-3.0.2.jar,file:/home/allinone/.m2/repository/io/grpc/grpc-netty-shaded/1.35.0/grpc-context-1.35.0.jar,file:/home/allinone/.m2/repository/io/grpc/grpc-netty-shaded/1.35.0/failureaccess-1.0.1.jar,file:/home/allinone/.m2/repository/io/grpc/grpc-netty-shaded/1.35.0/listenablefuture-9999.0-empty-to-avoid-conflict-with-guava.jar,file:/home/allinone/.m2/repository/io/grpc/grpc-netty-shaded/1.35.0/checker-compat-qual-2.5.5.jar,file:/home/allinone/.m2/repository/io/grpc/grpc-netty-shaded/1.35.0/j2objc-annotations-1.3.jar
2021-04-20 17:24:31,503 INFO org.springframework.boot.logging.DeferredLog [restartedMain] Devtools property defaults active! Set 'spring.devtools.add-properties' to 'false' to disable
2021-04-20 17:24:31,504 INFO org.springframework.boot.logging.DeferredLog [restartedMain] For additional web related logging consider setting the 'logging.level.web' property to 'DEBUG'
2021-04-20 17:24:33,926 INFO org.springframework.data.repository.config.RepositoryConfigurationDelegate [restartedMain] Bootstrapping Spring Data MongoDB repositories in DEFAULT mode.
2021-04-20 17:24:34,035 INFO org.springframework.data.repository.config.RepositoryConfigurationDelegate [restartedMain] Finished Spring Data repository scanning in 101 ms. Found 6 MongoDB repository interfaces.
2021-04-20 17:24:34,675 INFO org.springframework.boot.web.embedded.tomcat.TomcatWebServer [restartedMain] Tomcat initialized with port(s): 9000 (http)
2021-04-20 17:24:34,684 INFO org.apache.juli.logging.DirectJDKLog [restartedMain] Initializing ProtocolHandler ["http-nio-9000"]
2021-04-20 17:24:34,688 INFO org.apache.juli.logging.DirectJDKLog [restartedMain] Starting service [Tomcat]
2021-04-20 17:24:34,689 INFO org.apache.juli.logging.DirectJDKLog [restartedMain] Starting Servlet engine: [Apache Tomcat/9.0.44]
2021-04-20 17:24:34,755 INFO org.apache.juli.logging.DirectJDKLog [restartedMain] Initializing Spring embedded WebApplicationContext
2021-04-20 17:24:34,756 INFO org.springframework.boot.web.servlet.context.ServletWebServerApplicationContext [restartedMain] Root WebApplicationContext: initialization completed in 3251 ms
2021-04-20 17:24:34,888 INFO com.mongodb.diagnostics.logging.SLF4JLogger [restartedMain] Cluster created with settings {hosts=[localhost:27017], mode=SINGLE, requiredClusterType=UNKNOWN, serverSelectionTimeout='30000 ms'}
2021-04-20 17:24:34,947 INFO com.mongodb.diagnostics.logging.SLF4JLogger [cluster-ClusterId{value='607eabe2a6635163d408bab8', description='null'}-localhost:27017] Exception in monitor thread while connecting to server localhost:27017
com.mongodb.MongoSocketOpenException: Exception opening socket
	at com.mongodb.internal.connection.SocketStream.open(SocketStream.java:70)
	at com.mongodb.internal.connection.InternalStreamConnection.open(InternalStreamConnection.java:143)
	at com.mongodb.internal.connection.DefaultServerMonitor$ServerMonitorRunnable.lookupServerDescription(DefaultServerMonitor.java:188)
	at com.mongodb.internal.connection.DefaultServerMonitor$ServerMonitorRunnable.run(DefaultServerMonitor.java:144)
	at java.base/java.lang.Thread.run(Thread.java:834)
Caused by: java.net.ConnectException: Connection refused (Connection refused)
	at java.base/java.net.PlainSocketImpl.socketConnect(Native Method)
	at java.base/java.net.AbstractPlainSocketImpl.doConnect(AbstractPlainSocketImpl.java:399)
	at java.base/java.net.AbstractPlainSocketImpl.connectToAddress(AbstractPlainSocketImpl.java:242)
	at java.base/java.net.AbstractPlainSocketImpl.connect(AbstractPlainSocketImpl.java:224)
	at java.base/java.net.SocksSocketImpl.connect(SocksSocketImpl.java:392)
	at java.base/java.net.Socket.connect(Socket.java:609)
	at com.mongodb.internal.connection.SocketStreamHelper.initialize(SocketStreamHelper.java:78)
	at com.mongodb.internal.connection.SocketStream.initializeSocket(SocketStream.java:79)
	at com.mongodb.internal.connection.SocketStream.open(SocketStream.java:65)
	... 4 common frames omitted
2021-04-20 17:24:35,233 INFO org.springframework.boot.devtools.autoconfigure.OptionalLiveReloadServer [restartedMain] LiveReload server is running on port 35729
2021-04-20 17:24:36,465 INFO org.springframework.scheduling.concurrent.ExecutorConfigurationSupport [restartedMain] Initializing ExecutorService
2021-04-20 17:24:36,468 INFO org.springframework.scheduling.concurrent.ExecutorConfigurationSupport [restartedMain] Initializing ExecutorService 'asyncThreadPool'
2021-04-20 17:24:36,490 INFO springfox.documentation.spring.web.PropertySourcedRequestMappingHandlerMapping [restartedMain] Mapped URL path [/v2/api-docs] onto method [springfox.documentation.swagger2.web.Swagger2Controller#getDocumentation(String, HttpServletRequest)]
2021-04-20 17:24:36,795 INFO net.devh.boot.grpc.server.autoconfigure.GrpcServerFactoryAutoConfiguration [restartedMain] Detected grpc-netty-shaded: Creating ShadedNettyGrpcServerFactory
2021-04-20 17:24:36,946 WARN org.springframework.boot.autoconfigure.freemarker.FreeMarkerAutoConfiguration [restartedMain] Cannot find template location(s): [classpath:/templates/] (please add some templates, check your FreeMarker configuration, or set spring.freemarker.checkTemplateLocation=false)
2021-04-20 17:24:37,013 INFO org.apache.juli.logging.DirectJDKLog [restartedMain] Starting ProtocolHandler ["http-nio-9000"]
2021-04-20 17:24:37,042 INFO org.springframework.boot.web.embedded.tomcat.TomcatWebServer [restartedMain] Tomcat started on port(s): 9000 (http) with context path ''
2021-04-20 17:24:37,044 INFO springfox.documentation.spring.web.plugins.DocumentationPluginsBootstrapper [restartedMain] Context refreshed
2021-04-20 17:24:37,058 INFO springfox.documentation.spring.web.plugins.DocumentationPluginsBootstrapper [restartedMain] Found 1 custom documentation plugin(s)
2021-04-20 17:24:37,126 INFO springfox.documentation.spring.web.scanners.ApiListingReferenceScanner [restartedMain] Scanning for api listing references
2021-04-20 17:24:37,391 INFO springfox.documentation.spring.web.readers.operation.CachingOperationNameGenerator [restartedMain] Generating unique operation named: createUsingPOST_1
2021-04-20 17:24:37,395 INFO springfox.documentation.spring.web.readers.operation.CachingOperationNameGenerator [restartedMain] Generating unique operation named: deleteUsingDELETE_1
2021-04-20 17:24:37,410 INFO springfox.documentation.spring.web.readers.operation.CachingOperationNameGenerator [restartedMain] Generating unique operation named: updateUsingPATCH_1
2021-04-20 17:24:37,419 INFO springfox.documentation.spring.web.readers.operation.CachingOperationNameGenerator [restartedMain] Generating unique operation named: createUsingPOST_2
2021-04-20 17:24:37,421 INFO springfox.documentation.spring.web.readers.operation.CachingOperationNameGenerator [restartedMain] Generating unique operation named: deleteUsingDELETE_2
2021-04-20 17:24:37,427 INFO springfox.documentation.spring.web.readers.operation.CachingOperationNameGenerator [restartedMain] Generating unique operation named: findAllUsingGET_1
2021-04-20 17:24:37,437 INFO springfox.documentation.spring.web.readers.operation.CachingOperationNameGenerator [restartedMain] Generating unique operation named: updateUsingPATCH_2
2021-04-20 17:24:37,456 INFO springfox.documentation.spring.web.readers.operation.CachingOperationNameGenerator [restartedMain] Generating unique operation named: createUsingPOST_3
2021-04-20 17:24:37,466 INFO springfox.documentation.spring.web.readers.operation.CachingOperationNameGenerator [restartedMain] Generating unique operation named: deleteUsingDELETE_3
2021-04-20 17:24:37,469 INFO springfox.documentation.spring.web.readers.operation.CachingOperationNameGenerator [restartedMain] Generating unique operation named: getAllUsingGET_1
2021-04-20 17:24:37,477 INFO springfox.documentation.spring.web.readers.operation.CachingOperationNameGenerator [restartedMain] Generating unique operation named: updateUsingPATCH_3
2021-04-20 17:24:37,487 INFO springfox.documentation.spring.web.readers.operation.CachingOperationNameGenerator [restartedMain] Generating unique operation named: createUsingPOST_4
2021-04-20 17:24:37,489 INFO springfox.documentation.spring.web.readers.operation.CachingOperationNameGenerator [restartedMain] Generating unique operation named: deleteUsingDELETE_4
2021-04-20 17:24:37,491 INFO springfox.documentation.spring.web.readers.operation.CachingOperationNameGenerator [restartedMain] Generating unique operation named: getAllUsingGET_2
2021-04-20 17:24:37,497 INFO springfox.documentation.spring.web.readers.operation.CachingOperationNameGenerator [restartedMain] Generating unique operation named: getAllArchivedUsingGET_1
2021-04-20 17:24:37,514 INFO springfox.documentation.spring.web.readers.operation.CachingOperationNameGenerator [restartedMain] Generating unique operation named: testUsingGET_1
2021-04-20 17:24:37,579 INFO net.devh.boot.grpc.server.serverfactory.AbstractGrpcServerFactory [restartedMain] Registered gRPC service: com.example.grpc_base.proto.WayService, bean: grpcWayServiceImpl, class: com.phamtan.cuu_tro.grpc.service.GrpcWayServiceImpl
2021-04-20 17:24:37,735 INFO net.devh.boot.grpc.server.serverfactory.GrpcServerLifecycle [restartedMain] gRPC Server started, listening on address: *, port: 9090
2021-04-20 17:24:37,775 INFO org.springframework.boot.StartupInfoLogger [restartedMain] Started CuuTroApplication in 7.813 seconds (JVM running for 10.706)
2021-04-20 17:24:44,980 INFO org.apache.juli.logging.DirectJDKLog [http-nio-9000-exec-1] Initializing Spring DispatcherServlet 'dispatcherServlet'
2021-04-20 17:24:44,981 INFO org.springframework.web.servlet.FrameworkServlet [http-nio-9000-exec-1] Initializing Servlet 'dispatcherServlet'
2021-04-20 17:24:44,985 INFO org.springframework.web.servlet.FrameworkServlet [http-nio-9000-exec-1] Completed initialization in 4 ms
2021-04-20 17:24:46,381 ERROR org.apache.juli.logging.DirectJDKLog [http-nio-9000-exec-1] Servlet.service() for servlet [dispatcherServlet] in context with path [] threw exception [Request processing failed; nested exception is com.dropbox.core.BadRequestException: Error in call to API function "files/list_folder": Your app is not permitted to access this endpoint because it does not have the required scope 'files.metadata.read'. The owner of the app can enable the scope for the app using the Permissions tab on the App Console.] with root cause
com.dropbox.core.BadRequestException: Error in call to API function "files/list_folder": Your app is not permitted to access this endpoint because it does not have the required scope 'files.metadata.read'. The owner of the app can enable the scope for the app using the Permissions tab on the App Console.
	at com.dropbox.core.DbxRequestUtil.unexpectedStatus(DbxRequestUtil.java:337)
	at com.dropbox.core.v2.DbxRawClientV2$1.execute(DbxRawClientV2.java:154)
	at com.dropbox.core.v2.DbxRawClientV2.executeRetriable(DbxRawClientV2.java:330)
	at com.dropbox.core.v2.DbxRawClientV2.executeRetriableWithRefresh(DbxRawClientV2.java:351)
	at com.dropbox.core.v2.DbxRawClientV2.rpcStyle(DbxRawClientV2.java:137)
	at com.dropbox.core.v2.files.DbxUserFilesRequests.listFolder(DbxUserFilesRequests.java:2207)
	at com.dropbox.core.v2.files.DbxUserFilesRequests.listFolder(DbxUserFilesRequests.java:2265)
	at com.phamtan.cuu_tro.web.api.TestController.dropBox(TestController.java:45)
	at java.base/jdk.internal.reflect.NativeMethodAccessorImpl.invoke0(Native Method)
	at java.base/jdk.internal.reflect.NativeMethodAccessorImpl.invoke(NativeMethodAccessorImpl.java:62)
	at java.base/jdk.internal.reflect.DelegatingMethodAccessorImpl.invoke(DelegatingMethodAccessorImpl.java:43)
	at java.base/java.lang.reflect.Method.invoke(Method.java:566)
	at org.springframework.web.method.support.InvocableHandlerMethod.doInvoke(InvocableHandlerMethod.java:197)
	at org.springframework.web.method.support.InvocableHandlerMethod.invokeForRequest(InvocableHandlerMethod.java:141)
	at org.springframework.web.servlet.mvc.method.annotation.ServletInvocableHandlerMethod.invokeAndHandle(ServletInvocableHandlerMethod.java:106)
	at org.springframework.web.servlet.mvc.method.annotation.RequestMappingHandlerAdapter.invokeHandlerMethod(RequestMappingHandlerAdapter.java:894)
	at org.springframework.web.servlet.mvc.method.annotation.RequestMappingHandlerAdapter.handleInternal(RequestMappingHandlerAdapter.java:808)
	at org.springframework.web.servlet.mvc.method.AbstractHandlerMethodAdapter.handle(AbstractHandlerMethodAdapter.java:87)
	at org.springframework.web.servlet.DispatcherServlet.doDispatch(DispatcherServlet.java:1060)
	at org.springframework.web.servlet.DispatcherServlet.doService(DispatcherServlet.java:962)
	at org.springframework.web.servlet.FrameworkServlet.processRequest(FrameworkServlet.java:1006)
	at org.springframework.web.servlet.FrameworkServlet.doGet(FrameworkServlet.java:898)
	at javax.servlet.http.HttpServlet.service(HttpServlet.java:626)
	at org.springframework.web.servlet.FrameworkServlet.service(FrameworkServlet.java:883)
	at javax.servlet.http.HttpServlet.service(HttpServlet.java:733)
	at org.apache.catalina.core.ApplicationFilterChain.internalDoFilter(ApplicationFilterChain.java:227)
	at org.apache.catalina.core.ApplicationFilterChain.doFilter(ApplicationFilterChain.java:162)
	at org.apache.tomcat.websocket.server.WsFilter.doFilter(WsFilter.java:53)
	at org.apache.catalina.core.ApplicationFilterChain.internalDoFilter(ApplicationFilterChain.java:189)
	at org.apache.catalina.core.ApplicationFilterChain.doFilter(ApplicationFilterChain.java:162)
	at org.springframework.web.filter.RequestContextFilter.doFilterInternal(RequestContextFilter.java:100)
	at org.springframework.web.filter.OncePerRequestFilter.doFilter(OncePerRequestFilter.java:119)
	at org.apache.catalina.core.ApplicationFilterChain.internalDoFilter(ApplicationFilterChain.java:189)
	at org.apache.catalina.core.ApplicationFilterChain.doFilter(ApplicationFilterChain.java:162)
	at org.springframework.web.filter.FormContentFilter.doFilterInternal(FormContentFilter.java:93)
	at org.springframework.web.filter.OncePerRequestFilter.doFilter(OncePerRequestFilter.java:119)
	at org.apache.catalina.core.ApplicationFilterChain.internalDoFilter(ApplicationFilterChain.java:189)
	at org.apache.catalina.core.ApplicationFilterChain.doFilter(ApplicationFilterChain.java:162)
	at org.springframework.web.filter.CharacterEncodingFilter.doFilterInternal(CharacterEncodingFilter.java:201)
	at org.springframework.web.filter.OncePerRequestFilter.doFilter(OncePerRequestFilter.java:119)
	at org.apache.catalina.core.ApplicationFilterChain.internalDoFilter(ApplicationFilterChain.java:189)
	at org.apache.catalina.core.ApplicationFilterChain.doFilter(ApplicationFilterChain.java:162)
	at org.apache.catalina.core.StandardWrapperValve.invoke(StandardWrapperValve.java:202)
	at org.apache.catalina.core.StandardContextValve.invoke(StandardContextValve.java:97)
	at org.apache.catalina.authenticator.AuthenticatorBase.invoke(AuthenticatorBase.java:542)
	at org.apache.catalina.core.StandardHostValve.invoke(StandardHostValve.java:143)
	at org.apache.catalina.valves.ErrorReportValve.invoke(ErrorReportValve.java:92)
	at org.apache.catalina.core.StandardEngineValve.invoke(StandardEngineValve.java:78)
	at org.apache.catalina.connector.CoyoteAdapter.service(CoyoteAdapter.java:357)
	at org.apache.coyote.http11.Http11Processor.service(Http11Processor.java:374)
	at org.apache.coyote.AbstractProcessorLight.process(AbstractProcessorLight.java:65)
	at org.apache.coyote.AbstractProtocol$ConnectionHandler.process(AbstractProtocol.java:893)
	at org.apache.tomcat.util.net.NioEndpoint$SocketProcessor.doRun(NioEndpoint.java:1707)
	at org.apache.tomcat.util.net.SocketProcessorBase.run(SocketProcessorBase.java:49)
	at java.base/java.util.concurrent.ThreadPoolExecutor.runWorker(ThreadPoolExecutor.java:1128)
	at java.base/java.util.concurrent.ThreadPoolExecutor$Worker.run(ThreadPoolExecutor.java:628)
	at org.apache.tomcat.util.threads.TaskThread$WrappingRunnable.run(TaskThread.java:61)
	at java.base/java.lang.Thread.run(Thread.java:834)
2021-04-20 17:29:21,907 INFO net.devh.boot.grpc.server.serverfactory.GrpcServerLifecycle [SpringContextShutdownHook] Completed gRPC server shutdown
2021-04-20 17:29:21,959 INFO org.springframework.scheduling.concurrent.ExecutorConfigurationSupport [SpringContextShutdownHook] Shutting down ExecutorService 'asyncThreadPool'
2021-04-20 17:29:30,361 INFO org.springframework.boot.StartupInfoLogger [restartedMain] Starting CuuTroApplication using Java 11.0.10 on allinone with PID 55167 (/home/allinone/Desktop/ung dung cuu tro/cuu_tro/target/classes started by allinone in /home/allinone/Desktop/ung dung cuu tro/cuu_tro)
2021-04-20 17:29:30,379 INFO org.springframework.boot.SpringApplication [restartedMain] No active profile set, falling back to default profiles: default
2021-04-20 17:29:30,595 INFO org.springframework.boot.logging.DeferredLog [restartedMain] The Class-Path manifest attribute in /home/allinone/.m2/repository/io/grpc/grpc-netty-shaded/1.35.0/grpc-netty-shaded-1.35.0.jar referenced one or more files that do not exist: file:/home/allinone/.m2/repository/io/grpc/grpc-netty-shaded/1.35.0/grpc-core-1.35.0.jar,file:/home/allinone/.m2/repository/io/grpc/grpc-netty-shaded/1.35.0/grpc-api-1.35.0.jar,file:/home/allinone/.m2/repository/io/grpc/grpc-netty-shaded/1.35.0/gson-2.8.6.jar,file:/home/allinone/.m2/repository/io/grpc/grpc-netty-shaded/1.35.0/annotations-4.1.1.4.jar,file:/home/allinone/.m2/repository/io/grpc/grpc-netty-shaded/1.35.0/animal-sniffer-annotations-1.19.jar,file:/home/allinone/.m2/repository/io/grpc/grpc-netty-shaded/1.35.0/error_prone_annotations-2.4.0.jar,file:/home/allinone/.m2/repository/io/grpc/grpc-netty-shaded/1.35.0/guava-30.0-android.jar,file:/home/allinone/.m2/repository/io/grpc/grpc-netty-shaded/1.35.0/perfmark-api-0.23.0.jar,file:/home/allinone/.m2/repository/io/grpc/grpc-netty-shaded/1.35.0/jsr305-3.0.2.jar,file:/home/allinone/.m2/repository/io/grpc/grpc-netty-shaded/1.35.0/grpc-context-1.35.0.jar,file:/home/allinone/.m2/repository/io/grpc/grpc-netty-shaded/1.35.0/failureaccess-1.0.1.jar,file:/home/allinone/.m2/repository/io/grpc/grpc-netty-shaded/1.35.0/listenablefuture-9999.0-empty-to-avoid-conflict-with-guava.jar,file:/home/allinone/.m2/repository/io/grpc/grpc-netty-shaded/1.35.0/checker-compat-qual-2.5.5.jar,file:/home/allinone/.m2/repository/io/grpc/grpc-netty-shaded/1.35.0/j2objc-annotations-1.3.jar
2021-04-20 17:29:30,602 INFO org.springframework.boot.logging.DeferredLog [restartedMain] Devtools property defaults active! Set 'spring.devtools.add-properties' to 'false' to disable
2021-04-20 17:29:30,604 INFO org.springframework.boot.logging.DeferredLog [restartedMain] For additional web related logging consider setting the 'logging.level.web' property to 'DEBUG'
2021-04-20 17:29:32,030 INFO org.springframework.data.repository.config.RepositoryConfigurationDelegate [restartedMain] Bootstrapping Spring Data MongoDB repositories in DEFAULT mode.
2021-04-20 17:29:32,112 INFO org.springframework.data.repository.config.RepositoryConfigurationDelegate [restartedMain] Finished Spring Data repository scanning in 78 ms. Found 6 MongoDB repository interfaces.
2021-04-20 17:29:32,805 INFO org.springframework.boot.web.embedded.tomcat.TomcatWebServer [restartedMain] Tomcat initialized with port(s): 9000 (http)
2021-04-20 17:29:32,815 INFO org.apache.juli.logging.DirectJDKLog [restartedMain] Initializing ProtocolHandler ["http-nio-9000"]
2021-04-20 17:29:32,816 INFO org.apache.juli.logging.DirectJDKLog [restartedMain] Starting service [Tomcat]
2021-04-20 17:29:32,817 INFO org.apache.juli.logging.DirectJDKLog [restartedMain] Starting Servlet engine: [Apache Tomcat/9.0.44]
2021-04-20 17:29:32,886 INFO org.apache.juli.logging.DirectJDKLog [restartedMain] Initializing Spring embedded WebApplicationContext
2021-04-20 17:29:32,887 INFO org.springframework.boot.web.servlet.context.ServletWebServerApplicationContext [restartedMain] Root WebApplicationContext: initialization completed in 2281 ms
2021-04-20 17:29:33,017 INFO com.mongodb.diagnostics.logging.SLF4JLogger [restartedMain] Cluster created with settings {hosts=[localhost:27017], mode=SINGLE, requiredClusterType=UNKNOWN, serverSelectionTimeout='30000 ms'}
2021-04-20 17:29:33,076 INFO com.mongodb.diagnostics.logging.SLF4JLogger [cluster-ClusterId{value='607ead0ddd43753bfbcbe5c3', description='null'}-localhost:27017] Exception in monitor thread while connecting to server localhost:27017
com.mongodb.MongoSocketOpenException: Exception opening socket
	at com.mongodb.internal.connection.SocketStream.open(SocketStream.java:70)
	at com.mongodb.internal.connection.InternalStreamConnection.open(InternalStreamConnection.java:143)
	at com.mongodb.internal.connection.DefaultServerMonitor$ServerMonitorRunnable.lookupServerDescription(DefaultServerMonitor.java:188)
	at com.mongodb.internal.connection.DefaultServerMonitor$ServerMonitorRunnable.run(DefaultServerMonitor.java:144)
	at java.base/java.lang.Thread.run(Thread.java:834)
Caused by: java.net.ConnectException: Connection refused (Connection refused)
	at java.base/java.net.PlainSocketImpl.socketConnect(Native Method)
	at java.base/java.net.AbstractPlainSocketImpl.doConnect(AbstractPlainSocketImpl.java:399)
	at java.base/java.net.AbstractPlainSocketImpl.connectToAddress(AbstractPlainSocketImpl.java:242)
	at java.base/java.net.AbstractPlainSocketImpl.connect(AbstractPlainSocketImpl.java:224)
	at java.base/java.net.SocksSocketImpl.connect(SocksSocketImpl.java:392)
	at java.base/java.net.Socket.connect(Socket.java:609)
	at com.mongodb.internal.connection.SocketStreamHelper.initialize(SocketStreamHelper.java:78)
	at com.mongodb.internal.connection.SocketStream.initializeSocket(SocketStream.java:79)
	at com.mongodb.internal.connection.SocketStream.open(SocketStream.java:65)
	... 4 common frames omitted
2021-04-20 17:29:33,262 INFO org.springframework.boot.devtools.autoconfigure.OptionalLiveReloadServer [restartedMain] LiveReload server is running on port 35729
2021-04-20 17:29:34,120 INFO org.springframework.scheduling.concurrent.ExecutorConfigurationSupport [restartedMain] Initializing ExecutorService
2021-04-20 17:29:34,122 INFO org.springframework.scheduling.concurrent.ExecutorConfigurationSupport [restartedMain] Initializing ExecutorService 'asyncThreadPool'
2021-04-20 17:29:34,140 INFO springfox.documentation.spring.web.PropertySourcedRequestMappingHandlerMapping [restartedMain] Mapped URL path [/v2/api-docs] onto method [springfox.documentation.swagger2.web.Swagger2Controller#getDocumentation(String, HttpServletRequest)]
2021-04-20 17:29:34,386 INFO net.devh.boot.grpc.server.autoconfigure.GrpcServerFactoryAutoConfiguration [restartedMain] Detected grpc-netty-shaded: Creating ShadedNettyGrpcServerFactory
2021-04-20 17:29:34,458 WARN org.springframework.boot.autoconfigure.freemarker.FreeMarkerAutoConfiguration [restartedMain] Cannot find template location(s): [classpath:/templates/] (please add some templates, check your FreeMarker configuration, or set spring.freemarker.checkTemplateLocation=false)
2021-04-20 17:29:34,513 INFO org.apache.juli.logging.DirectJDKLog [restartedMain] Starting ProtocolHandler ["http-nio-9000"]
2021-04-20 17:29:34,525 INFO org.springframework.boot.web.embedded.tomcat.TomcatWebServer [restartedMain] Tomcat started on port(s): 9000 (http) with context path ''
2021-04-20 17:29:34,526 INFO springfox.documentation.spring.web.plugins.DocumentationPluginsBootstrapper [restartedMain] Context refreshed
2021-04-20 17:29:34,537 INFO springfox.documentation.spring.web.plugins.DocumentationPluginsBootstrapper [restartedMain] Found 1 custom documentation plugin(s)
2021-04-20 17:29:34,576 INFO springfox.documentation.spring.web.scanners.ApiListingReferenceScanner [restartedMain] Scanning for api listing references
2021-04-20 17:29:34,781 INFO springfox.documentation.spring.web.readers.operation.CachingOperationNameGenerator [restartedMain] Generating unique operation named: createUsingPOST_1
2021-04-20 17:29:34,784 INFO springfox.documentation.spring.web.readers.operation.CachingOperationNameGenerator [restartedMain] Generating unique operation named: deleteUsingDELETE_1
2021-04-20 17:29:34,803 INFO springfox.documentation.spring.web.readers.operation.CachingOperationNameGenerator [restartedMain] Generating unique operation named: updateUsingPATCH_1
2021-04-20 17:29:34,813 INFO springfox.documentation.spring.web.readers.operation.CachingOperationNameGenerator [restartedMain] Generating unique operation named: createUsingPOST_2
2021-04-20 17:29:34,816 INFO springfox.documentation.spring.web.readers.operation.CachingOperationNameGenerator [restartedMain] Generating unique operation named: deleteUsingDELETE_2
2021-04-20 17:29:34,821 INFO springfox.documentation.spring.web.readers.operation.CachingOperationNameGenerator [restartedMain] Generating unique operation named: findAllUsingGET_1
2021-04-20 17:29:34,833 INFO springfox.documentation.spring.web.readers.operation.CachingOperationNameGenerator [restartedMain] Generating unique operation named: updateUsingPATCH_2
2021-04-20 17:29:34,845 INFO springfox.documentation.spring.web.readers.operation.CachingOperationNameGenerator [restartedMain] Generating unique operation named: createUsingPOST_3
2021-04-20 17:29:34,854 INFO springfox.documentation.spring.web.readers.operation.CachingOperationNameGenerator [restartedMain] Generating unique operation named: deleteUsingDELETE_3
2021-04-20 17:29:34,858 INFO springfox.documentation.spring.web.readers.operation.CachingOperationNameGenerator [restartedMain] Generating unique operation named: getAllUsingGET_1
2021-04-20 17:29:34,865 INFO springfox.documentation.spring.web.readers.operation.CachingOperationNameGenerator [restartedMain] Generating unique operation named: updateUsingPATCH_3
2021-04-20 17:29:34,874 INFO springfox.documentation.spring.web.readers.operation.CachingOperationNameGenerator [restartedMain] Generating unique operation named: createUsingPOST_4
2021-04-20 17:29:34,877 INFO springfox.documentation.spring.web.readers.operation.CachingOperationNameGenerator [restartedMain] Generating unique operation named: deleteUsingDELETE_4
2021-04-20 17:29:34,879 INFO springfox.documentation.spring.web.readers.operation.CachingOperationNameGenerator [restartedMain] Generating unique operation named: getAllUsingGET_2
2021-04-20 17:29:34,883 INFO springfox.documentation.spring.web.readers.operation.CachingOperationNameGenerator [restartedMain] Generating unique operation named: getAllArchivedUsingGET_1
2021-04-20 17:29:34,895 INFO springfox.documentation.spring.web.readers.operation.CachingOperationNameGenerator [restartedMain] Generating unique operation named: testUsingGET_1
2021-04-20 17:29:34,956 INFO net.devh.boot.grpc.server.serverfactory.AbstractGrpcServerFactory [restartedMain] Registered gRPC service: com.example.grpc_base.proto.WayService, bean: grpcWayServiceImpl, class: com.phamtan.cuu_tro.grpc.service.GrpcWayServiceImpl
2021-04-20 17:29:35,080 INFO net.devh.boot.grpc.server.serverfactory.GrpcServerLifecycle [restartedMain] gRPC Server started, listening on address: *, port: 9090
2021-04-20 17:29:35,104 INFO org.springframework.boot.StartupInfoLogger [restartedMain] Started CuuTroApplication in 5.573 seconds (JVM running for 7.25)
2021-04-20 17:29:41,077 INFO org.apache.juli.logging.DirectJDKLog [http-nio-9000-exec-1] Initializing Spring DispatcherServlet 'dispatcherServlet'
2021-04-20 17:29:41,077 INFO org.springframework.web.servlet.FrameworkServlet [http-nio-9000-exec-1] Initializing Servlet 'dispatcherServlet'
2021-04-20 17:29:41,079 INFO org.springframework.web.servlet.FrameworkServlet [http-nio-9000-exec-1] Completed initialization in 2 ms
2021-04-20 17:31:32,290 INFO net.devh.boot.grpc.server.serverfactory.GrpcServerLifecycle [SpringContextShutdownHook] Completed gRPC server shutdown
2021-04-20 17:31:32,313 INFO org.springframework.scheduling.concurrent.ExecutorConfigurationSupport [SpringContextShutdownHook] Shutting down ExecutorService 'asyncThreadPool'
